Initialize done
Initializing QUDA with initQuda(-1)
Initializing QUDA with initQuda(-1)
Initializing QUDA with initQuda(-1)
Initializing QUDA with initQuda(-1)
Initializing QUDA with initQuda(-1)
Initializing QUDA with initQuda(-1)
Initializing QUDA with initQuda(-1)
Initializing QUDA with initQuda(-1)
QUDA 1.1.0 (git 1.1.0-341431726-gfx90a)
*** HIP BACKEND ***
HIP Driver version = 60241134
HIP Runtime version = 60241134
Found device 0: AMD Instinct MI250X
Found device 1: AMD Instinct MI250X
Found device 2: AMD Instinct MI250X
Found device 3: AMD Instinct MI250X
Found device 4: AMD Instinct MI250X
Found device 5: AMD Instinct MI250X
Found device 6: AMD Instinct MI250X
Found device 7: AMD Instinct MI250X
Using device 0: AMD Instinct MI250X
WARNING: Data reordering done on GPU (set with QUDA_REORDER_LOCATION=GPU/CPU)
Loaded 172 sets of cached parameters from /lustre/orion/proj-shared/lgt130/production/quda_resource/tunecache.tsv
WARNING: Using device memory pool allocator
WARNING: Using pinned memory pool allocator
hipblasCreated successfully
Linkage = bool Chroma::MapObjectDiskEnv::registerAll(): registering map obj key colorvec
0
InlineMeasurements are: 
<InlineMeasurements>

<elem>
  <Name>QEDM_PRODUCT_FIELD</Name>
  <Frequency>1</Frequency>
  <Param>
    <external_field>./nt64nx24ny24nz24beta1xi0m0.1258-540.bin</external_field>
    <quark_type>up</quark_type>
    <coupling>3.0282212096456423e-01</coupling>
  </Param>
  <NamedObject>
    <gauge_in_id>default_gauge_field</gauge_in_id>
    <gauge_out_id>U_field</gauge_out_id>
  </NamedObject>
</elem>

<elem>
<Name>MAKE_SOURCE</Name>
<Frequency>1</Frequency>
<Param>
<version>6</version>
<Source>
    <version>1</version>
    <SourceType>SHELL_SOURCE</SourceType>
    <j_decay>3</j_decay>
    <t_srce>22 13 20 31</t_srce>
    <SmearingParam>
        <wvf_kind>GAUGE_INV_GAUSSIAN</wvf_kind>
        <wvf_param>3.0</wvf_param>
        <wvfIntPar>30</wvfIntPar>
        <no_smear_dir>3</no_smear_dir>
    </SmearingParam>
</Source>
</Param>
<NamedObject>
  <gauge_id>U_field</gauge_id>
  <source_id>src_a12m310_a_DISSORDERED_gf1.0_w3.0_n30_x22y13z20t31_mg0.1258_qe1.0_U</source_id>
</NamedObject>
</elem>

<elem>
<Name>PROPAGATOR</Name>
<Frequency>1</Frequency>
<Param>
<version>10</version>
<quarkSpinType>FULL</quarkSpinType>
<obsvP>true</obsvP>
<q_mp_id>prop_a12m310_a_DISSORDERED_gf1.0_w3.0_n30_M51.2_L58_a1.50_mq0.0126_x22y13z20t31_mg0.1258_qe1.0_U_MP</q_mp_id>
<numRetries>1</numRetries>
<FermionAction>
<FermAct>UNPRECONDITIONED_NEF</FermAct>
  <OverMass>1.2</OverMass>
  <N5>8</N5>
  <b5>1.25</b5>
  <c5>0.25</c5>
  <Mass>0.0126</Mass>
  <FermionBC>
    <FermBC>SIMPLE_FERMBC</FermBC>
    <boundary>1 1 1 -1</boundary>
  </FermionBC>
</FermionAction>
<InvertParam>
<invType>QUDA_NEF_INVERTER</invType>
<DoCGNR>true</DoCGNR>
<MaxIter>4000</MaxIter>
<RsdTarget>1.e-7</RsdTarget>
<Delta>0.1</Delta>
<RsdToleranceFactor>80</RsdToleranceFactor>
<MaxResIncrease>1</MaxResIncrease>
<SolverType>CG</SolverType>
<Verbose>false</Verbose>
<AsymmetricLinop>false</AsymmetricLinop>
<CudaReconstruct>RECONS_NONE</CudaReconstruct>
<CudaSloppyPrecision>HALF</CudaSloppyPrecision>
<CudaSloppyReconstruct>RECONS_NONE</CudaSloppyReconstruct>
<AxialGaugeFix>false</AxialGaugeFix>
<AutotuneDslash>true</AutotuneDslash>
<MatPCType>EVEN_EVEN</MatPCType>
<checkSolution>true</checkSolution>
<NEFParams>
  <OverMass>1.2</OverMass>
  <N5>8</N5>
  <b5>1.25</b5>
  <c5>0.25</c5>
  <Mass>0.0126</Mass>
  <clovCoeff>0</clovCoeff>
</NEFParams>
<AntiPeriodicT>true</AntiPeriodicT>
</InvertParam>
</Param>
<NamedObject>
  <gauge_id>U_field</gauge_id>
  <source_id>src_a12m310_a_DISSORDERED_gf1.0_w3.0_n30_x22y13z20t31_mg0.1258_qe1.0_U</source_id>
  <prop_id>prop_a12m310_a_DISSORDERED_gf1.0_w3.0_n30_M51.2_L58_a1.50_mq0.0126_x22y13z20t31_mg0.1258_qe1.0_U</prop_id>
</NamedObject>
<xml_file>./prop_a12m310_a_DISSORDERED_gf1.0_w3.0_n30_M51.2_L58_a1.50_mq0.0126_x22y13z20t31_mg0.1258_qe1.0_U.out.xml</xml_file>
</elem>

<elem>
<Name>QIO_WRITE_ERASE_NAMED_OBJECT</Name>
<Frequency>1</Frequency>
<NamedObject>
  <object_id>prop_a12m310_a_DISSORDERED_gf1.0_w3.0_n30_M51.2_L58_a1.50_mq0.0126_x22y13z20t31_mg0.1258_qe1.0_U</object_id>
  <object_type>LatticePropagatorF</object_type>
</NamedObject>
<File>
  <file_name>./prop_a12m310_a_DISSORDERED_gf1.0_w3.0_n30_M51.2_L58_a1.50_mq0.0126_x22y13z20t31_mg0.1258_qe1.0_U</file_name>
  <file_volfmt>SINGLEFILE</file_volfmt>
  <parallel_io>true</parallel_io>
</File>
</elem>

  </InlineMeasurements>

Lattice initialized:
  problem size = 24 24 24 64
  layout size = 12 24 24 64
  logical machine size = 1 1 2 4
  subgrid size = 24 24 12 16
  total number of nodes = 8
  total volume = 884736
  subgrid volume = 110592
Initializing QDPDefaultAllocator.
Finished init of RNG
Finished lattice layout
Attempt to read gauge field
Gauge initialization: cfg_type = DISORDERED
Starting up disordered (random/hot) config
Gauge field successfully read: time= 0.650839 secs
There are 4 measurements 
Doing 4 measurements
QEDM_PRODUCT_FIELD: modification by external U(1) field

     Gauge group: SU(3)
     volume: 24 x 24 x 24 x 64
Gauge field modification completed.
QEDM_PRODUCT_FIELD: total time = 0.908471 secs
  IO time: 0.844697 secs
QEDM_PRODUCT_FIELD: ran successfully
MAKE_SOURCE: propagator source constructor
Source = SHELL_SOURCE
Shell source
Link smearing type = NONE
Quark smearing type = GAUGE_INV_GAUSSIAN
Displacement type = SIMPLE_DISPLACEMENT
color = 0
spin = 0
spin = 1
spin = 2
spin = 3
color = 1
spin = 0
spin = 1
spin = 2
spin = 3
color = 2
spin = 0
spin = 1
spin = 2
spin = 3
Attempt to update source
Source successfully update
MAKE_SOURCE: total time = 36.105129 secs
MAKE_SOURCE: ran successfully
PROPAGATOR: propagator calculation
Snarf the source from a named buffer
Source successfully read and parsed
FermAct = UNPRECONDITIONED_NEF
Try the various factories
Suitable factory found: compute the quark prop
Calling quarkProp
tuneDslasP = 1
LinOpSysSolverQUDANEF:
Ls from matrix: 8
Ls from params: 8
Ls from quda: 8
 b5[0] = 1   c5[0] = 1
 b5[1] = 1   c5[1] = 1
 b5[2] = 1   c5[2] = 1
 b5[3] = 1   c5[3] = 1
 b5[4] = 1   c5[4] = 1
 b5[5] = 1   c5[5] = 1
 b5[6] = 1   c5[6] = 1
 b5[7] = 1   c5[7] = 1
Doing CGNR solve
Using Symmetric Linop: A_oo - D_oe A^{-1}_ee D_eo
Enabling Dslash Autotuning
Setting Precondition stuff to defaults for not using
nef_quarkProp:: doing color  : 0 and spin : 0
Normalization Factor: 409.129100144025
N5=8
Norm of chi = 0.394957690643398
TwoKappa = 0.222222222222222   invTwoKappa_b = 4.5
Calling qudaInvert
CG: Convergence at 39 iterations, L2 relative residual: iterated = 8.523533e-08, true = 8.523533e-08 (requested = 1.000000e-07)
Norm2 psi = 0.759509447443079
QUDA_CG_NEF_SOLVER: time=0.687776 s	Performance=3005.49054966733 GFLOPS	Total Time (incl. load gauge)=0.669874 s
QUDA_CG_NEF_SOLVER: 39 iterations. Max. Rsd = 0.371862235510854 Max. Relative Rsd = 0.591707110743049
ERROR: QUDA Solver residuum is outside tolerance: QUDA resid=0.591707110743049 Desired =1e-07 Max Tolerated = 8e-06
QMP m0,n8@frontier09460 error: abort: 1
MPICH ERROR [Rank 0] [job id 2862905.2] [Tue Dec 17 15:32:01 2024] [frontier09460] - Abort(1) (rank 0 in comm 0): application called MPI_Abort(MPI_COMM_WORLD, 1) - process 0

aborting job:
application called MPI_Abort(MPI_COMM_WORLD, 1) - process 0
QMP m1,n8@frontier09460 error: abort: 1
MPICH ERROR [Rank 1] [job id 2862905.2] [Tue Dec 17 15:32:01 2024] [frontier09460] - Abort(1) (rank 1 in comm 0): application called MPI_Abort(MPI_COMM_WORLD, 1) - process 1

aborting job:
application called MPI_Abort(MPI_COMM_WORLD, 1) - process 1
QMP m2,n8@frontier09460 error: abort: 1
MPICH ERROR [Rank 2] [job id 2862905.2] [Tue Dec 17 15:32:01 2024] [frontier09460] - Abort(1) (rank 2 in comm 0): application called MPI_Abort(MPI_COMM_WORLD, 1) - process 2

aborting job:
application called MPI_Abort(MPI_COMM_WORLD, 1) - process 2
QMP m3,n8@frontier09460 error: abort: 1
MPICH ERROR [Rank 3] [job id 2862905.2] [Tue Dec 17 15:32:01 2024] [frontier09460] - Abort(1) (rank 3 in comm 0): application called MPI_Abort(MPI_COMM_WORLD, 1) - process 3

aborting job:
application called MPI_Abort(MPI_COMM_WORLD, 1) - process 3
QMP m4,n8@frontier09460 error: abort: 1
MPICH ERROR [Rank 4] [job id 2862905.2] [Tue Dec 17 15:32:01 2024] [frontier09460] - Abort(1) (rank 4 in comm 0): application called MPI_Abort(MPI_COMM_WORLD, 1) - process 4

aborting job:
application called MPI_Abort(MPI_COMM_WORLD, 1) - process 4
QMP m5,n8@frontier09460 error: abort: 1
MPICH ERROR [Rank 5] [job id 2862905.2] [Tue Dec 17 15:32:01 2024] [frontier09460] - Abort(1) (rank 5 in comm 0): application called MPI_Abort(MPI_COMM_WORLD, 1) - process 5

aborting job:
application called MPI_Abort(MPI_COMM_WORLD, 1) - process 5
QMP m6,n8@frontier09460 error: abort: 1
MPICH ERROR [Rank 6] [job id 2862905.2] [Tue Dec 17 15:32:01 2024] [frontier09460] - Abort(1) (rank 6 in comm 0): application called MPI_Abort(MPI_COMM_WORLD, 1) - process 6

aborting job:
application called MPI_Abort(MPI_COMM_WORLD, 1) - process 6
QMP m7,n8@frontier09460 error: abort: 1
MPICH ERROR [Rank 7] [job id 2862905.2] [Tue Dec 17 15:32:01 2024] [frontier09460] - Abort(1) (rank 7 in comm 0): application called MPI_Abort(MPI_COMM_WORLD, 1) - process 7

aborting job:
application called MPI_Abort(MPI_COMM_WORLD, 1) - process 7
double free or corruption (!prev)
double free or corruption (!prev)
srun: error: frontier09460: tasks 1-2,5: Segmentation fault
srun: Terminating StepId=2862905.2
srun: error: frontier09460: task 7: Aborted
slurmstepd: error: *** STEP 2862905.2 ON frontier09460 CANCELLED AT 2024-12-17T15:32:01 ***
srun: error: frontier09460: tasks 0,3-4: Segmentation fault
srun: error: frontier09460: task 6: Aborted
